<?xml version="1.0" encoding="UTF-8"?>
<testsuite xmlns:xsi="http://www.w3.org/2001/XMLSchema-instance" xsi:noNamespaceSchemaLocation="https://maven.apache.org/surefire/maven-surefire-plugin/xsd/surefire-test-report.xsd" name="com.zsw.example.AppTest" time="0.075" tests="1" errors="0" skipped="0" failures="0">
  <properties>
    <property name="sun.desktop" value="windows"/>
    <property name="awt.toolkit" value="sun.awt.windows.WToolkit"/>
    <property name="file.encoding.pkg" value="sun.io"/>
    <property name="java.specification.version" value="1.8"/>
    <property name="sun.cpu.isalist" value="amd64"/>
    <property name="sun.jnu.encoding" value="GBK"/>
    <property name="java.class.path" value="C:\workSpace_test\rpc\orderapi\target\test-classes;C:\workSpace_test\rpc\orderapi\target\classes;C:\workSpace-idea\repository_idea\junit\junit\4.11\junit-4.11.jar;C:\workSpace-idea\repository_idea\org\hamcrest\hamcrest-core\1.3\hamcrest-core-1.3.jar;C:\workSpace-idea\repository_idea\org\projectlombok\lombok\1.18.12\lombok-1.18.12.jar;C:\workSpace-idea\repository_idea\org\springframework\boot\spring-boot-starter\2.1.7.RELEASE\spring-boot-starter-2.1.7.RELEASE.jar;C:\workSpace-idea\repository_idea\org\springframework\boot\spring-boot\2.1.7.RELEASE\spring-boot-2.1.7.RELEASE.jar;C:\workSpace-idea\repository_idea\org\springframework\spring-context\5.1.9.RELEASE\spring-context-5.1.9.RELEASE.jar;C:\workSpace-idea\repository_idea\org\springframework\spring-aop\5.1.9.RELEASE\spring-aop-5.1.9.RELEASE.jar;C:\workSpace-idea\repository_idea\org\springframework\spring-beans\5.1.9.RELEASE\spring-beans-5.1.9.RELEASE.jar;C:\workSpace-idea\repository_idea\org\springframework\spring-expression\5.1.9.RELEASE\spring-expression-5.1.9.RELEASE.jar;C:\workSpace-idea\repository_idea\org\springframework\boot\spring-boot-autoconfigure\2.1.7.RELEASE\spring-boot-autoconfigure-2.1.7.RELEASE.jar;C:\workSpace-idea\repository_idea\org\springframework\boot\spring-boot-starter-logging\2.1.7.RELEASE\spring-boot-starter-logging-2.1.7.RELEASE.jar;C:\workSpace-idea\repository_idea\ch\qos\logback\logback-classic\1.2.3\logback-classic-1.2.3.jar;C:\workSpace-idea\repository_idea\ch\qos\logback\logback-core\1.2.3\logback-core-1.2.3.jar;C:\workSpace-idea\repository_idea\org\slf4j\slf4j-api\1.7.25\slf4j-api-1.7.25.jar;C:\workSpace-idea\repository_idea\org\apache\logging\log4j\log4j-to-slf4j\2.11.2\log4j-to-slf4j-2.11.2.jar;C:\workSpace-idea\repository_idea\org\apache\logging\log4j\log4j-api\2.11.2\log4j-api-2.11.2.jar;C:\workSpace-idea\repository_idea\org\slf4j\jul-to-slf4j\1.7.26\jul-to-slf4j-1.7.26.jar;C:\workSpace-idea\repository_idea\javax\annotation\javax.annotation-api\1.3.2\javax.annotation-api-1.3.2.jar;C:\workSpace-idea\repository_idea\org\springframework\spring-core\5.1.9.RELEASE\spring-core-5.1.9.RELEASE.jar;C:\workSpace-idea\repository_idea\org\springframework\spring-jcl\5.1.9.RELEASE\spring-jcl-5.1.9.RELEASE.jar;C:\workSpace-idea\repository_idea\org\yaml\snakeyaml\1.23\snakeyaml-1.23.jar;"/>
    <property name="java.vm.vendor" value="Oracle Corporation"/>
    <property name="sun.arch.data.model" value="64"/>
    <property name="user.variant" value=""/>
    <property name="java.vendor.url" value="http://java.oracle.com/"/>
    <property name="user.timezone" value="Asia/Shanghai"/>
    <property name="java.vm.specification.version" value="1.8"/>
    <property name="os.name" value="Windows 10"/>
    <property name="user.country" value="CN"/>
    <property name="sun.java.launcher" value="SUN_STANDARD"/>
    <property name="sun.boot.library.path" value="C:\Program Files\Java\jdk1.8.0_191\jre\bin"/>
    <property name="sun.java.command" value="C:\Users\zhang\AppData\Local\Temp\surefire28549978590039548\surefirebooter3669149695319213064.jar C:\Users\zhang\AppData\Local\Temp\surefire28549978590039548 2020-09-21T11-00-08_166-jvmRun1 surefire7345396746933057228tmp surefire_01510849646322756097tmp"/>
    <property name="surefire.test.class.path" value="C:\workSpace_test\rpc\orderapi\target\test-classes;C:\workSpace_test\rpc\orderapi\target\classes;C:\workSpace-idea\repository_idea\junit\junit\4.11\junit-4.11.jar;C:\workSpace-idea\repository_idea\org\hamcrest\hamcrest-core\1.3\hamcrest-core-1.3.jar;C:\workSpace-idea\repository_idea\org\projectlombok\lombok\1.18.12\lombok-1.18.12.jar;C:\workSpace-idea\repository_idea\org\springframework\boot\spring-boot-starter\2.1.7.RELEASE\spring-boot-starter-2.1.7.RELEASE.jar;C:\workSpace-idea\repository_idea\org\springframework\boot\spring-boot\2.1.7.RELEASE\spring-boot-2.1.7.RELEASE.jar;C:\workSpace-idea\repository_idea\org\springframework\spring-context\5.1.9.RELEASE\spring-context-5.1.9.RELEASE.jar;C:\workSpace-idea\repository_idea\org\springframework\spring-aop\5.1.9.RELEASE\spring-aop-5.1.9.RELEASE.jar;C:\workSpace-idea\repository_idea\org\springframework\spring-beans\5.1.9.RELEASE\spring-beans-5.1.9.RELEASE.jar;C:\workSpace-idea\repository_idea\org\springframework\spring-expression\5.1.9.RELEASE\spring-expression-5.1.9.RELEASE.jar;C:\workSpace-idea\repository_idea\org\springframework\boot\spring-boot-autoconfigure\2.1.7.RELEASE\spring-boot-autoconfigure-2.1.7.RELEASE.jar;C:\workSpace-idea\repository_idea\org\springframework\boot\spring-boot-starter-logging\2.1.7.RELEASE\spring-boot-starter-logging-2.1.7.RELEASE.jar;C:\workSpace-idea\repository_idea\ch\qos\logback\logback-classic\1.2.3\logback-classic-1.2.3.jar;C:\workSpace-idea\repository_idea\ch\qos\logback\logback-core\1.2.3\logback-core-1.2.3.jar;C:\workSpace-idea\repository_idea\org\slf4j\slf4j-api\1.7.25\slf4j-api-1.7.25.jar;C:\workSpace-idea\repository_idea\org\apache\logging\log4j\log4j-to-slf4j\2.11.2\log4j-to-slf4j-2.11.2.jar;C:\workSpace-idea\repository_idea\org\apache\logging\log4j\log4j-api\2.11.2\log4j-api-2.11.2.jar;C:\workSpace-idea\repository_idea\org\slf4j\jul-to-slf4j\1.7.26\jul-to-slf4j-1.7.26.jar;C:\workSpace-idea\repository_idea\javax\annotation\javax.annotation-api\1.3.2\javax.annotation-api-1.3.2.jar;C:\workSpace-idea\repository_idea\org\springframework\spring-core\5.1.9.RELEASE\spring-core-5.1.9.RELEASE.jar;C:\workSpace-idea\repository_idea\org\springframework\spring-jcl\5.1.9.RELEASE\spring-jcl-5.1.9.RELEASE.jar;C:\workSpace-idea\repository_idea\org\yaml\snakeyaml\1.23\snakeyaml-1.23.jar;"/>
    <property name="sun.cpu.endian" value="little"/>
    <property name="user.home" value="C:\Users\zhang"/>
    <property name="user.language" value="zh"/>
    <property name="java.specification.vendor" value="Oracle Corporation"/>
    <property name="java.home" value="C:\Program Files\Java\jdk1.8.0_191\jre"/>
    <property name="basedir" value="C:\workSpace_test\rpc\orderapi"/>
    <property name="file.separator" value="\"/>
    <property name="line.separator" value="&#10;"/>
    <property name="java.vm.specification.vendor" value="Oracle Corporation"/>
    <property name="java.specification.name" value="Java Platform API Specification"/>
    <property name="java.awt.graphicsenv" value="sun.awt.Win32GraphicsEnvironment"/>
    <property name="surefire.real.class.path" value="C:\Users\zhang\AppData\Local\Temp\surefire28549978590039548\surefirebooter3669149695319213064.jar"/>
    <property name="sun.boot.class.path" value="C:\Program Files\Java\jdk1.8.0_191\jre\lib\resources.jar;C:\Program Files\Java\jdk1.8.0_191\jre\lib\rt.jar;C:\Program Files\Java\jdk1.8.0_191\jre\lib\sunrsasign.jar;C:\Program Files\Java\jdk1.8.0_191\jre\lib\jsse.jar;C:\Program Files\Java\jdk1.8.0_191\jre\lib\jce.jar;C:\Program Files\Java\jdk1.8.0_191\jre\lib\charsets.jar;C:\Program Files\Java\jdk1.8.0_191\jre\lib\jfr.jar;C:\Program Files\Java\jdk1.8.0_191\jre\classes"/>
    <property name="user.script" value=""/>
    <property name="sun.management.compiler" value="HotSpot 64-Bit Tiered Compilers"/>
    <property name="java.runtime.version" value="1.8.0_191-b12"/>
    <property name="user.name" value="zhangshiwei"/>
    <property name="path.separator" value=";"/>
    <property name="os.version" value="10.0"/>
    <property name="java.endorsed.dirs" value="C:\Program Files\Java\jdk1.8.0_191\jre\lib\endorsed"/>
    <property name="java.runtime.name" value="Java(TM) SE Runtime Environment"/>
    <property name="file.encoding" value="GBK"/>
    <property name="java.vm.name" value="Java HotSpot(TM) 64-Bit Server VM"/>
    <property name="localRepository" value="C:\workSpace-idea\repository_idea"/>
    <property name="java.vendor.url.bug" value="http://bugreport.sun.com/bugreport/"/>
    <property name="java.io.tmpdir" value="C:\Users\zhang\AppData\Local\Temp\"/>
    <property name="java.version" value="1.8.0_191"/>
    <property name="user.dir" value="C:\workSpace_test\rpc\orderapi"/>
    <property name="os.arch" value="amd64"/>
    <property name="java.vm.specification.name" value="Java Virtual Machine Specification"/>
    <property name="java.awt.printerjob" value="sun.awt.windows.WPrinterJob"/>
    <property name="sun.os.patch.level" value=""/>
    <property name="idea.version2019.1" value="true"/>
    <property name="java.library.path" value="C:\Program Files\Java\jdk1.8.0_191\jre\bin;C:\WINDOWS\Sun\Java\bin;C:\WINDOWS\system32;C:\WINDOWS;C:\Program Files (x86)\Common Files\Oracle\Java\javapath;C:\ProgramData\Oracle\Java\javapath;C:\windows\system32;C:\windows;C:\windows\System32\Wbem;C:\windows\System32\WindowsPowerShell\v1.0\;C:\Program Files (x86)\NVIDIA Corporation\PhysX\Common;C:\Program Files\Java\jdk1.8.0_191\bin;C:\application\apache-maven-3.5.3\bin;C:\Program Files\Git\cmd;C:\WINDOWS\system32;C:\WINDOWS;C:\WINDOWS\System32\Wbem;C:\WINDOWS\System32\WindowsPowerShell\v1.0\;C:\WINDOWS\System32\OpenSSH\;C:\Users\zhang\AppData\Roaming\nvm;C:\Program Files\nodejs;C:\Program Files\nodejs\node_global;C:\Program Files\nodejsnode_global\node_modules;C:\Program Files (x86)\Intel\Intel(R) Management Engine Components\DAL;C:\Program Files\Intel\Intel(R) Management Engine Components\DAL;%ROCKETMQ_HOME%\bin;C:\Program Files\Intel\WiFi\bin\;C:\Program Files\Common Files\Intel\WirelessCommon\;C:\flutter\flutter_v1.9.1_hotfix.6_stable\flutter\bin;C:\flutter\flutter_v1.9.1_hotfix.6_stable\flutter\.pub-cache\bin;C:\Program Files\nodejs\;D:\tomcat10\apache-tomcat-10.0.0-M7\bin;D:\mysql\mysql-8.0.21-winx64\bin;C:\Users\zhang\AppData\Local\Microsoft\WindowsApps;C:\Program Files (x86)\SSH Communications Security\SSH Secure Shell;C:\Users\zhang\AppData\Local\Programs\Fiddler;C:\Users\zhang\AppData\Local\Programs\Microsoft VS Code\bin;C:\Users\zhang\AppData\Roaming\nvm;C:\Program Files\nodejs;C:\Program Files\nodejs\node_global;C:\Users\zhang\AppData\Local\BypassRuntm;;C:\Users\zhang\AppData\Local\Microsoft\WindowsApps;C:\Users\zhang\AppData\Roaming\npm;."/>
    <property name="java.vm.info" value="mixed mode"/>
    <property name="java.vendor" value="Oracle Corporation"/>
    <property name="java.vm.version" value="25.191-b12"/>
    <property name="java.ext.dirs" value="C:\Program Files\Java\jdk1.8.0_191\jre\lib\ext;C:\WINDOWS\Sun\Java\lib\ext"/>
    <property name="sun.io.unicode.encoding" value="UnicodeLittle"/>
    <property name="maven.repo.local" value="C:\workSpace-idea\repository_idea"/>
    <property name="java.class.version" value="52.0"/>
  </properties>
  <testcase name="shouldAnswerWithTrue" classname="com.zsw.example.AppTest" time="0.004"/>
</testsuite>